<?xml version="1.0" encoding="UTF-8"?>
<testng-results ignored="0" total="1" passed="1" failed="0" skipped="0">
  <reporter-output>
  </reporter-output>
  <suite started-at="2023-01-17T18:25:54 EST" name="Default suite" finished-at="2023-01-17T18:27:19 EST" duration-ms="84726">
    <groups>
    </groups>
    <test started-at="2023-01-17T18:25:54 EST" name="Default test" finished-at="2023-01-17T18:27:19 EST" duration-ms="84726">
      <class name="testlayer.YourPaymentsTest">
        <test-method is-config="true" signature="initsetup()[pri:0, instance:testlayer.YourPaymentsTest@618425b5]" started-at="2023-01-17T18:25:54 EST" name="initsetup" finished-at="2023-01-17T18:25:59 EST" duration-ms="5472" status="PASS">
          <reporter-output>
          </reporter-output>
        </test-method> <!-- initsetup -->
        <test-method signature="YourPayments()[pri:0, instance:testlayer.YourPaymentsTest@618425b5]" started-at="2023-01-17T18:25:59 EST" name="YourPayments" finished-at="2023-01-17T18:27:17 EST" duration-ms="77296" status="PASS">
          <reporter-output>
          </reporter-output>
        </test-method> <!-- YourPayments -->
        <test-method is-config="true" signature="close()[pri:0, instance:testlayer.YourPaymentsTest@618425b5]" started-at="2023-01-17T18:27:17 EST" name="close" finished-at="2023-01-17T18:27:19 EST" duration-ms="1916" status="PASS">
          <reporter-output>
          </reporter-output>
        </test-method> <!-- close -->
      </class> <!-- testlayer.YourPaymentsTest -->
    </test> <!-- Default test -->
  </suite> <!-- Default suite -->
</testng-results>
